[2021-04-06 06:33:42] local.ERROR: syntax error, unexpected ')' {"exception":"[object] (ParseError(code: 0): syntax error, unexpected ')' at /home/admin/web/t.kuleshov.studio/public_html/vendor/laravel/framework/src/Illuminate/Testing/Concerns/TestDatabases.php:159)
[stacktrace]
#0 /home/admin/web/t.kuleshov.studio/public_html/vendor/composer/ClassLoader.php(322): Composer\\Autoload\\includeFile('/home/admin/web...')
#1 [internal function]: Composer\\Autoload\\ClassLoader->loadClass('Illuminate\\\\Test...')
#2 /home/admin/web/t.kuleshov.studio/public_html/vendor/laravel/framework/src/Illuminate/Testing/ParallelTestingServiceProvider.php(11): spl_autoload_call('Illuminate\\\\Test...')
#3 /home/admin/web/t.kuleshov.studio/public_html/vendor/composer/ClassLoader.php(444): include('/home/admin/web...')
#4 /home/admin/web/t.kuleshov.studio/public_html/vendor/composer/ClassLoader.php(322): Composer\\Autoload\\includeFile('/home/admin/web...')
#5 [internal function]: Composer\\Autoload\\ClassLoader->loadClass('Illuminate\\\\Test...')
#6 /home/admin/web/t.kuleshov.studio/public_html/vendor/laravel/framework/src/Illuminate/Foundation/Application.php(735): spl_autoload_call('Illuminate\\\\Test...')
#7 /home/admin/web/t.kuleshov.studio/public_html/vendor/laravel/framework/src/Illuminate/Foundation/Application.php(669): Illuminate\\Foundation\\Application->resolveProvider('Illuminate\\\\Test...')
#8 /home/admin/web/t.kuleshov.studio/public_html/vendor/laravel/framework/src/Illuminate/Support/AggregateServiceProvider.php(31): Illuminate\\Foundation\\Application->register('Illuminate\\\\Test...')
#9 /home/admin/web/t.kuleshov.studio/public_html/vendor/laravel/framework/src/Illuminate/Foundation/Providers/FoundationServiceProvider.php(44): Illuminate\\Support\\AggregateServiceProvider->register()
#10 /home/admin/web/t.kuleshov.studio/public_html/vendor/laravel/framework/src/Illuminate/Foundation/Application.php(672): Illuminate\\Foundation\\Providers\\FoundationServiceProvider->register()
#11 /home/admin/web/t.kuleshov.studio/public_html/vendor/laravel/framework/src/Illuminate/Foundation/ProviderRepository.php(75): Illuminate\\Foundation\\Application->register(Object(Illuminate\\Foundation\\Providers\\FoundationServiceProvider))
#12 /home/admin/web/t.kuleshov.studio/public_html/vendor/laravel/framework/src/Illuminate/Foundation/Application.php(649): Illuminate\\Foundation\\ProviderRepository->load(Array)
#13 /home/admin/web/t.kuleshov.studio/public_html/vendor/laravel/framework/src/Illuminate/Foundation/Bootstrap/RegisterProviders.php(17): Illuminate\\Foundation\\Application->registerConfiguredProviders()
#14 /home/admin/web/t.kuleshov.studio/public_html/vendor/laravel/framework/src/Illuminate/Foundation/Application.php(237): Illuminate\\Foundation\\Bootstrap\\RegisterProviders->bootstrap(Object(Illuminate\\Foundation\\Application))
#15 /home/admin/web/t.kuleshov.studio/public_html/vendor/laravel/framework/src/Illuminate/Foundation/Http/Kernel.php(152): Illuminate\\Foundation\\Application->bootstrapWith(Array)
#16 /home/admin/web/t.kuleshov.studio/public_html/vendor/laravel/framework/src/Illuminate/Foundation/Http/Kernel.php(136): Illuminate\\Foundation\\Http\\Kernel->bootstrap()
#17 /home/admin/web/t.kuleshov.studio/public_html/vendor/laravel/framework/src/Illuminate/Foundation/Http/Kernel.php(110): Illuminate\\Foundation\\Http\\Kernel->sendRequestThroughRouter(Object(Illuminate\\Http\\Request))
#18 /home/admin/web/t.kuleshov.studio/public_html/public/index.php(52): Illuminate\\Foundation\\Http\\Kernel->handle(Object(Illuminate\\Http\\Request))
#19 {main}
"} 
[2021-04-06 06:35:28] local.ERROR: syntax error, unexpected ')' {"exception":"[object] (ParseError(code: 0): syntax error, unexpected ')' at /home/admin/web/t.kuleshov.studio/public_html/vendor/laravel/framework/src/Illuminate/Testing/Concerns/TestDatabases.php:159)
[stacktrace]
#0 /home/admin/web/t.kuleshov.studio/public_html/vendor/composer/ClassLoader.php(322): Composer\\Autoload\\includeFile('/home/admin/web...')
#1 [internal function]: Composer\\Autoload\\ClassLoader->loadClass('Illuminate\\\\Test...')
#2 /home/admin/web/t.kuleshov.studio/public_html/vendor/laravel/framework/src/Illuminate/Testing/ParallelTestingServiceProvider.php(11): spl_autoload_call('Illuminate\\\\Test...')
#3 /home/admin/web/t.kuleshov.studio/public_html/vendor/composer/ClassLoader.php(444): include('/home/admin/web...')
#4 /home/admin/web/t.kuleshov.studio/public_html/vendor/composer/ClassLoader.php(322): Composer\\Autoload\\includeFile('/home/admin/web...')
#5 [internal function]: Composer\\Autoload\\ClassLoader->loadClass('Illuminate\\\\Test...')
#6 /home/admin/web/t.kuleshov.studio/public_html/vendor/laravel/framework/src/Illuminate/Foundation/Application.php(735): spl_autoload_call('Illuminate\\\\Test...')
#7 /home/admin/web/t.kuleshov.studio/public_html/vendor/laravel/framework/src/Illuminate/Foundation/Application.php(669): Illuminate\\Foundation\\Application->resolveProvider('Illuminate\\\\Test...')
#8 /home/admin/web/t.kuleshov.studio/public_html/vendor/laravel/framework/src/Illuminate/Support/AggregateServiceProvider.php(31): Illuminate\\Foundation\\Application->register('Illuminate\\\\Test...')
#9 /home/admin/web/t.kuleshov.studio/public_html/vendor/laravel/framework/src/Illuminate/Foundation/Providers/FoundationServiceProvider.php(44): Illuminate\\Support\\AggregateServiceProvider->register()
#10 /home/admin/web/t.kuleshov.studio/public_html/vendor/laravel/framework/src/Illuminate/Foundation/Application.php(672): Illuminate\\Foundation\\Providers\\FoundationServiceProvider->register()
#11 /home/admin/web/t.kuleshov.studio/public_html/vendor/laravel/framework/src/Illuminate/Foundation/ProviderRepository.php(75): Illuminate\\Foundation\\Application->register(Object(Illuminate\\Foundation\\Providers\\FoundationServiceProvider))
#12 /home/admin/web/t.kuleshov.studio/public_html/vendor/laravel/framework/src/Illuminate/Foundation/Application.php(649): Illuminate\\Foundation\\ProviderRepository->load(Array)
#13 /home/admin/web/t.kuleshov.studio/public_html/vendor/laravel/framework/src/Illuminate/Foundation/Bootstrap/RegisterProviders.php(17): Illuminate\\Foundation\\Application->registerConfiguredProviders()
#14 /home/admin/web/t.kuleshov.studio/public_html/vendor/laravel/framework/src/Illuminate/Foundation/Application.php(237): Illuminate\\Foundation\\Bootstrap\\RegisterProviders->bootstrap(Object(Illuminate\\Foundation\\Application))
#15 /home/admin/web/t.kuleshov.studio/public_html/vendor/laravel/framework/src/Illuminate/Foundation/Http/Kernel.php(152): Illuminate\\Foundation\\Application->bootstrapWith(Array)
#16 /home/admin/web/t.kuleshov.studio/public_html/vendor/laravel/framework/src/Illuminate/Foundation/Http/Kernel.php(136): Illuminate\\Foundation\\Http\\Kernel->bootstrap()
#17 /home/admin/web/t.kuleshov.studio/public_html/vendor/laravel/framework/src/Illuminate/Foundation/Http/Kernel.php(110): Illuminate\\Foundation\\Http\\Kernel->sendRequestThroughRouter(Object(Illuminate\\Http\\Request))
#18 /home/admin/web/t.kuleshov.studio/public_html/public/index.php(52): Illuminate\\Foundation\\Http\\Kernel->handle(Object(Illuminate\\Http\\Request))
#19 {main}
"} 
[2021-04-06 06:36:17] local.ERROR: syntax error, unexpected ')' {"exception":"[object] (ParseError(code: 0): syntax error, unexpected ')' at /home/admin/web/t.kuleshov.studio/public_html/vendor/laravel/framework/src/Illuminate/Testing/Concerns/TestDatabases.php:159)
[stacktrace]
#0 /home/admin/web/t.kuleshov.studio/public_html/vendor/composer/ClassLoader.php(322): Composer\\Autoload\\includeFile('/home/admin/web...')
#1 [internal function]: Composer\\Autoload\\ClassLoader->loadClass('Illuminate\\\\Test...')
#2 /home/admin/web/t.kuleshov.studio/public_html/vendor/laravel/framework/src/Illuminate/Testing/ParallelTestingServiceProvider.php(11): spl_autoload_call('Illuminate\\\\Test...')
#3 /home/admin/web/t.kuleshov.studio/public_html/vendor/composer/ClassLoader.php(444): include('/home/admin/web...')
#4 /home/admin/web/t.kuleshov.studio/public_html/vendor/composer/ClassLoader.php(322): Composer\\Autoload\\includeFile('/home/admin/web...')
#5 [internal function]: Composer\\Autoload\\ClassLoader->loadClass('Illuminate\\\\Test...')
#6 /home/admin/web/t.kuleshov.studio/public_html/vendor/laravel/framework/src/Illuminate/Foundation/Application.php(735): spl_autoload_call('Illuminate\\\\Test...')
#7 /home/admin/web/t.kuleshov.studio/public_html/vendor/laravel/framework/src/Illuminate/Foundation/Application.php(669): Illuminate\\Foundation\\Application->resolveProvider('Illuminate\\\\Test...')
#8 /home/admin/web/t.kuleshov.studio/public_html/vendor/laravel/framework/src/Illuminate/Support/AggregateServiceProvider.php(31): Illuminate\\Foundation\\Application->register('Illuminate\\\\Test...')
#9 /home/admin/web/t.kuleshov.studio/public_html/vendor/laravel/framework/src/Illuminate/Foundation/Providers/FoundationServiceProvider.php(44): Illuminate\\Support\\AggregateServiceProvider->register()
#10 /home/admin/web/t.kuleshov.studio/public_html/vendor/laravel/framework/src/Illuminate/Foundation/Application.php(672): Illuminate\\Foundation\\Providers\\FoundationServiceProvider->register()
#11 /home/admin/web/t.kuleshov.studio/public_html/vendor/laravel/framework/src/Illuminate/Foundation/ProviderRepository.php(75): Illuminate\\Foundation\\Application->register(Object(Illuminate\\Foundation\\Providers\\FoundationServiceProvider))
#12 /home/admin/web/t.kuleshov.studio/public_html/vendor/laravel/framework/src/Illuminate/Foundation/Application.php(649): Illuminate\\Foundation\\ProviderRepository->load(Array)
#13 /home/admin/web/t.kuleshov.studio/public_html/vendor/laravel/framework/src/Illuminate/Foundation/Bootstrap/RegisterProviders.php(17): Illuminate\\Foundation\\Application->registerConfiguredProviders()
#14 /home/admin/web/t.kuleshov.studio/public_html/vendor/laravel/framework/src/Illuminate/Foundation/Application.php(237): Illuminate\\Foundation\\Bootstrap\\RegisterProviders->bootstrap(Object(Illuminate\\Foundation\\Application))
#15 /home/admin/web/t.kuleshov.studio/public_html/vendor/laravel/framework/src/Illuminate/Foundation/Http/Kernel.php(152): Illuminate\\Foundation\\Application->bootstrapWith(Array)
#16 /home/admin/web/t.kuleshov.studio/public_html/vendor/laravel/framework/src/Illuminate/Foundation/Http/Kernel.php(136): Illuminate\\Foundation\\Http\\Kernel->bootstrap()
#17 /home/admin/web/t.kuleshov.studio/public_html/vendor/laravel/framework/src/Illuminate/Foundation/Http/Kernel.php(110): Illuminate\\Foundation\\Http\\Kernel->sendRequestThroughRouter(Object(Illuminate\\Http\\Request))
#18 /home/admin/web/t.kuleshov.studio/public_html/public/index.php(52): Illuminate\\Foundation\\Http\\Kernel->handle(Object(Illuminate\\Http\\Request))
#19 {main}
"} 
[2021-04-06 06:36:22] local.ERROR: syntax error, unexpected ')' {"exception":"[object] (ParseError(code: 0): syntax error, unexpected ')' at /home/admin/web/t.kuleshov.studio/public_html/vendor/laravel/framework/src/Illuminate/Testing/Concerns/TestDatabases.php:159)
[stacktrace]
#0 /home/admin/web/t.kuleshov.studio/public_html/vendor/composer/ClassLoader.php(322): Composer\\Autoload\\includeFile('/home/admin/web...')
#1 [internal function]: Composer\\Autoload\\ClassLoader->loadClass('Illuminate\\\\Test...')
#2 /home/admin/web/t.kuleshov.studio/public_html/vendor/laravel/framework/src/Illuminate/Testing/ParallelTestingServiceProvider.php(11): spl_autoload_call('Illuminate\\\\Test...')
#3 /home/admin/web/t.kuleshov.studio/public_html/vendor/composer/ClassLoader.php(444): include('/home/admin/web...')
#4 /home/admin/web/t.kuleshov.studio/public_html/vendor/composer/ClassLoader.php(322): Composer\\Autoload\\includeFile('/home/admin/web...')
#5 [internal function]: Composer\\Autoload\\ClassLoader->loadClass('Illuminate\\\\Test...')
#6 /home/admin/web/t.kuleshov.studio/public_html/vendor/laravel/framework/src/Illuminate/Foundation/Application.php(735): spl_autoload_call('Illuminate\\\\Test...')
#7 /home/admin/web/t.kuleshov.studio/public_html/vendor/laravel/framework/src/Illuminate/Foundation/Application.php(669): Illuminate\\Foundation\\Application->resolveProvider('Illuminate\\\\Test...')
#8 /home/admin/web/t.kuleshov.studio/public_html/vendor/laravel/framework/src/Illuminate/Support/AggregateServiceProvider.php(31): Illuminate\\Foundation\\Application->register('Illuminate\\\\Test...')
#9 /home/admin/web/t.kuleshov.studio/public_html/vendor/laravel/framework/src/Illuminate/Foundation/Providers/FoundationServiceProvider.php(44): Illuminate\\Support\\AggregateServiceProvider->register()
#10 /home/admin/web/t.kuleshov.studio/public_html/vendor/laravel/framework/src/Illuminate/Foundation/Application.php(672): Illuminate\\Foundation\\Providers\\FoundationServiceProvider->register()
#11 /home/admin/web/t.kuleshov.studio/public_html/vendor/laravel/framework/src/Illuminate/Foundation/ProviderRepository.php(75): Illuminate\\Foundation\\Application->register(Object(Illuminate\\Foundation\\Providers\\FoundationServiceProvider))
#12 /home/admin/web/t.kuleshov.studio/public_html/vendor/laravel/framework/src/Illuminate/Foundation/Application.php(649): Illuminate\\Foundation\\ProviderRepository->load(Array)
#13 /home/admin/web/t.kuleshov.studio/public_html/vendor/laravel/framework/src/Illuminate/Foundation/Bootstrap/RegisterProviders.php(17): Illuminate\\Foundation\\Application->registerConfiguredProviders()
#14 /home/admin/web/t.kuleshov.studio/public_html/vendor/laravel/framework/src/Illuminate/Foundation/Application.php(237): Illuminate\\Foundation\\Bootstrap\\RegisterProviders->bootstrap(Object(Illuminate\\Foundation\\Application))
#15 /home/admin/web/t.kuleshov.studio/public_html/vendor/laravel/framework/src/Illuminate/Foundation/Http/Kernel.php(152): Illuminate\\Foundation\\Application->bootstrapWith(Array)
#16 /home/admin/web/t.kuleshov.studio/public_html/vendor/laravel/framework/src/Illuminate/Foundation/Http/Kernel.php(136): Illuminate\\Foundation\\Http\\Kernel->bootstrap()
#17 /home/admin/web/t.kuleshov.studio/public_html/vendor/laravel/framework/src/Illuminate/Foundation/Http/Kernel.php(110): Illuminate\\Foundation\\Http\\Kernel->sendRequestThroughRouter(Object(Illuminate\\Http\\Request))
#18 /home/admin/web/t.kuleshov.studio/public_html/public/index.php(52): Illuminate\\Foundation\\Http\\Kernel->handle(Object(Illuminate\\Http\\Request))
#19 {main}
"} 
[2021-04-06 07:00:28] local.ERROR: syntax error, unexpected ')' {"exception":"[object] (ParseError(code: 0): syntax error, unexpected ')' at /home/admin/web/t.kuleshov.studio/public_html/vendor/laravel/framework/src/Illuminate/Testing/Concerns/TestDatabases.php:159)
[stacktrace]
#0 /home/admin/web/t.kuleshov.studio/public_html/vendor/composer/ClassLoader.php(322): Composer\\Autoload\\includeFile('/home/admin/web...')
#1 [internal function]: Composer\\Autoload\\ClassLoader->loadClass('Illuminate\\\\Test...')
#2 /home/admin/web/t.kuleshov.studio/public_html/vendor/laravel/framework/src/Illuminate/Testing/ParallelTestingServiceProvider.php(11): spl_autoload_call('Illuminate\\\\Test...')
#3 /home/admin/web/t.kuleshov.studio/public_html/vendor/composer/ClassLoader.php(444): include('/home/admin/web...')
#4 /home/admin/web/t.kuleshov.studio/public_html/vendor/composer/ClassLoader.php(322): Composer\\Autoload\\includeFile('/home/admin/web...')
#5 [internal function]: Composer\\Autoload\\ClassLoader->loadClass('Illuminate\\\\Test...')
#6 /home/admin/web/t.kuleshov.studio/public_html/vendor/laravel/framework/src/Illuminate/Foundation/Application.php(735): spl_autoload_call('Illuminate\\\\Test...')
#7 /home/admin/web/t.kuleshov.studio/public_html/vendor/laravel/framework/src/Illuminate/Foundation/Application.php(669): Illuminate\\Foundation\\Application->resolveProvider('Illuminate\\\\Test...')
#8 /home/admin/web/t.kuleshov.studio/public_html/vendor/laravel/framework/src/Illuminate/Support/AggregateServiceProvider.php(31): Illuminate\\Foundation\\Application->register('Illuminate\\\\Test...')
#9 /home/admin/web/t.kuleshov.studio/public_html/vendor/laravel/framework/src/Illuminate/Foundation/Providers/FoundationServiceProvider.php(44): Illuminate\\Support\\AggregateServiceProvider->register()
#10 /home/admin/web/t.kuleshov.studio/public_html/vendor/laravel/framework/src/Illuminate/Foundation/Application.php(672): Illuminate\\Foundation\\Providers\\FoundationServiceProvider->register()
#11 /home/admin/web/t.kuleshov.studio/public_html/vendor/laravel/framework/src/Illuminate/Foundation/ProviderRepository.php(75): Illuminate\\Foundation\\Application->register(Object(Illuminate\\Foundation\\Providers\\FoundationServiceProvider))
#12 /home/admin/web/t.kuleshov.studio/public_html/vendor/laravel/framework/src/Illuminate/Foundation/Application.php(649): Illuminate\\Foundation\\ProviderRepository->load(Array)
#13 /home/admin/web/t.kuleshov.studio/public_html/vendor/laravel/framework/src/Illuminate/Foundation/Bootstrap/RegisterProviders.php(17): Illuminate\\Foundation\\Application->registerConfiguredProviders()
#14 /home/admin/web/t.kuleshov.studio/public_html/vendor/laravel/framework/src/Illuminate/Foundation/Application.php(237): Illuminate\\Foundation\\Bootstrap\\RegisterProviders->bootstrap(Object(Illuminate\\Foundation\\Application))
#15 /home/admin/web/t.kuleshov.studio/public_html/vendor/laravel/framework/src/Illuminate/Foundation/Http/Kernel.php(152): Illuminate\\Foundation\\Application->bootstrapWith(Array)
#16 /home/admin/web/t.kuleshov.studio/public_html/vendor/laravel/framework/src/Illuminate/Foundation/Http/Kernel.php(136): Illuminate\\Foundation\\Http\\Kernel->bootstrap()
#17 /home/admin/web/t.kuleshov.studio/public_html/vendor/laravel/framework/src/Illuminate/Foundation/Http/Kernel.php(110): Illuminate\\Foundation\\Http\\Kernel->sendRequestThroughRouter(Object(Illuminate\\Http\\Request))
#18 /home/admin/web/t.kuleshov.studio/public_html/public/index.php(52): Illuminate\\Foundation\\Http\\Kernel->handle(Object(Illuminate\\Http\\Request))
#19 {main}
"} 
[2021-04-06 07:00:31] local.ERROR: syntax error, unexpected ')' {"exception":"[object] (ParseError(code: 0): syntax error, unexpected ')' at /home/admin/web/t.kuleshov.studio/public_html/vendor/laravel/framework/src/Illuminate/Testing/Concerns/TestDatabases.php:159)
[stacktrace]
#0 /home/admin/web/t.kuleshov.studio/public_html/vendor/composer/ClassLoader.php(322): Composer\\Autoload\\includeFile('/home/admin/web...')
#1 [internal function]: Composer\\Autoload\\ClassLoader->loadClass('Illuminate\\\\Test...')
#2 /home/admin/web/t.kuleshov.studio/public_html/vendor/laravel/framework/src/Illuminate/Testing/ParallelTestingServiceProvider.php(11): spl_autoload_call('Illuminate\\\\Test...')
#3 /home/admin/web/t.kuleshov.studio/public_html/vendor/composer/ClassLoader.php(444): include('/home/admin/web...')
#4 /home/admin/web/t.kuleshov.studio/public_html/vendor/composer/ClassLoader.php(322): Composer\\Autoload\\includeFile('/home/admin/web...')
#5 [internal function]: Composer\\Autoload\\ClassLoader->loadClass('Illuminate\\\\Test...')
#6 /home/admin/web/t.kuleshov.studio/public_html/vendor/laravel/framework/src/Illuminate/Foundation/Application.php(735): spl_autoload_call('Illuminate\\\\Test...')
#7 /home/admin/web/t.kuleshov.studio/public_html/vendor/laravel/framework/src/Illuminate/Foundation/Application.php(669): Illuminate\\Foundation\\Application->resolveProvider('Illuminate\\\\Test...')
#8 /home/admin/web/t.kuleshov.studio/public_html/vendor/laravel/framework/src/Illuminate/Support/AggregateServiceProvider.php(31): Illuminate\\Foundation\\Application->register('Illuminate\\\\Test...')
#9 /home/admin/web/t.kuleshov.studio/public_html/vendor/laravel/framework/src/Illuminate/Foundation/Providers/FoundationServiceProvider.php(44): Illuminate\\Support\\AggregateServiceProvider->register()
#10 /home/admin/web/t.kuleshov.studio/public_html/vendor/laravel/framework/src/Illuminate/Foundation/Application.php(672): Illuminate\\Foundation\\Providers\\FoundationServiceProvider->register()
#11 /home/admin/web/t.kuleshov.studio/public_html/vendor/laravel/framework/src/Illuminate/Foundation/ProviderRepository.php(75): Illuminate\\Foundation\\Application->register(Object(Illuminate\\Foundation\\Providers\\FoundationServiceProvider))
#12 /home/admin/web/t.kuleshov.studio/public_html/vendor/laravel/framework/src/Illuminate/Foundation/Application.php(649): Illuminate\\Foundation\\ProviderRepository->load(Array)
#13 /home/admin/web/t.kuleshov.studio/public_html/vendor/laravel/framework/src/Illuminate/Foundation/Bootstrap/RegisterProviders.php(17): Illuminate\\Foundation\\Application->registerConfiguredProviders()
#14 /home/admin/web/t.kuleshov.studio/public_html/vendor/laravel/framework/src/Illuminate/Foundation/Application.php(237): Illuminate\\Foundation\\Bootstrap\\RegisterProviders->bootstrap(Object(Illuminate\\Foundation\\Application))
#15 /home/admin/web/t.kuleshov.studio/public_html/vendor/laravel/framework/src/Illuminate/Foundation/Http/Kernel.php(152): Illuminate\\Foundation\\Application->bootstrapWith(Array)
#16 /home/admin/web/t.kuleshov.studio/public_html/vendor/laravel/framework/src/Illuminate/Foundation/Http/Kernel.php(136): Illuminate\\Foundation\\Http\\Kernel->bootstrap()
#17 /home/admin/web/t.kuleshov.studio/public_html/vendor/laravel/framework/src/Illuminate/Foundation/Http/Kernel.php(110): Illuminate\\Foundation\\Http\\Kernel->sendRequestThroughRouter(Object(Illuminate\\Http\\Request))
#18 /home/admin/web/t.kuleshov.studio/public_html/public/index.php(52): Illuminate\\Foundation\\Http\\Kernel->handle(Object(Illuminate\\Http\\Request))
#19 {main}
"} 
[2021-04-06 07:00:34] local.ERROR: syntax error, unexpected ')' {"exception":"[object] (ParseError(code: 0): syntax error, unexpected ')' at /home/admin/web/t.kuleshov.studio/public_html/vendor/laravel/framework/src/Illuminate/Testing/Concerns/TestDatabases.php:159)
[stacktrace]
#0 /home/admin/web/t.kuleshov.studio/public_html/vendor/composer/ClassLoader.php(322): Composer\\Autoload\\includeFile('/home/admin/web...')
#1 [internal function]: Composer\\Autoload\\ClassLoader->loadClass('Illuminate\\\\Test...')
#2 /home/admin/web/t.kuleshov.studio/public_html/vendor/laravel/framework/src/Illuminate/Testing/ParallelTestingServiceProvider.php(11): spl_autoload_call('Illuminate\\\\Test...')
#3 /home/admin/web/t.kuleshov.studio/public_html/vendor/composer/ClassLoader.php(444): include('/home/admin/web...')
#4 /home/admin/web/t.kuleshov.studio/public_html/vendor/composer/ClassLoader.php(322): Composer\\Autoload\\includeFile('/home/admin/web...')
#5 [internal function]: Composer\\Autoload\\ClassLoader->loadClass('Illuminate\\\\Test...')
#6 /home/admin/web/t.kuleshov.studio/public_html/vendor/laravel/framework/src/Illuminate/Foundation/Application.php(735): spl_autoload_call('Illuminate\\\\Test...')
#7 /home/admin/web/t.kuleshov.studio/public_html/vendor/laravel/framework/src/Illuminate/Foundation/Application.php(669): Illuminate\\Foundation\\Application->resolveProvider('Illuminate\\\\Test...')
#8 /home/admin/web/t.kuleshov.studio/public_html/vendor/laravel/framework/src/Illuminate/Support/AggregateServiceProvider.php(31): Illuminate\\Foundation\\Application->register('Illuminate\\\\Test...')
#9 /home/admin/web/t.kuleshov.studio/public_html/vendor/laravel/framework/src/Illuminate/Foundation/Providers/FoundationServiceProvider.php(44): Illuminate\\Support\\AggregateServiceProvider->register()
#10 /home/admin/web/t.kuleshov.studio/public_html/vendor/laravel/framework/src/Illuminate/Foundation/Application.php(672): Illuminate\\Foundation\\Providers\\FoundationServiceProvider->register()
#11 /home/admin/web/t.kuleshov.studio/public_html/vendor/laravel/framework/src/Illuminate/Foundation/ProviderRepository.php(75): Illuminate\\Foundation\\Application->register(Object(Illuminate\\Foundation\\Providers\\FoundationServiceProvider))
#12 /home/admin/web/t.kuleshov.studio/public_html/vendor/laravel/framework/src/Illuminate/Foundation/Application.php(649): Illuminate\\Foundation\\ProviderRepository->load(Array)
#13 /home/admin/web/t.kuleshov.studio/public_html/vendor/laravel/framework/src/Illuminate/Foundation/Bootstrap/RegisterProviders.php(17): Illuminate\\Foundation\\Application->registerConfiguredProviders()
#14 /home/admin/web/t.kuleshov.studio/public_html/vendor/laravel/framework/src/Illuminate/Foundation/Application.php(237): Illuminate\\Foundation\\Bootstrap\\RegisterProviders->bootstrap(Object(Illuminate\\Foundation\\Application))
#15 /home/admin/web/t.kuleshov.studio/public_html/vendor/laravel/framework/src/Illuminate/Foundation/Http/Kernel.php(152): Illuminate\\Foundation\\Application->bootstrapWith(Array)
#16 /home/admin/web/t.kuleshov.studio/public_html/vendor/laravel/framework/src/Illuminate/Foundation/Http/Kernel.php(136): Illuminate\\Foundation\\Http\\Kernel->bootstrap()
#17 /home/admin/web/t.kuleshov.studio/public_html/vendor/laravel/framework/src/Illuminate/Foundation/Http/Kernel.php(110): Illuminate\\Foundation\\Http\\Kernel->sendRequestThroughRouter(Object(Illuminate\\Http\\Request))
#18 /home/admin/web/t.kuleshov.studio/public_html/public/index.php(52): Illuminate\\Foundation\\Http\\Kernel->handle(Object(Illuminate\\Http\\Request))
#19 {main}
"} 
[2021-04-06 07:01:01] local.ERROR: syntax error, unexpected ')' {"exception":"[object] (ParseError(code: 0): syntax error, unexpected ')' at /home/admin/web/t.kuleshov.studio/public_html/vendor/laravel/framework/src/Illuminate/Testing/Concerns/TestDatabases.php:159)
[stacktrace]
#0 /home/admin/web/t.kuleshov.studio/public_html/vendor/composer/ClassLoader.php(322): Composer\\Autoload\\includeFile('/home/admin/web...')
#1 [internal function]: Composer\\Autoload\\ClassLoader->loadClass('Illuminate\\\\Test...')
#2 /home/admin/web/t.kuleshov.studio/public_html/vendor/laravel/framework/src/Illuminate/Testing/ParallelTestingServiceProvider.php(11): spl_autoload_call('Illuminate\\\\Test...')
#3 /home/admin/web/t.kuleshov.studio/public_html/vendor/composer/ClassLoader.php(444): include('/home/admin/web...')
#4 /home/admin/web/t.kuleshov.studio/public_html/vendor/composer/ClassLoader.php(322): Composer\\Autoload\\includeFile('/home/admin/web...')
#5 [internal function]: Composer\\Autoload\\ClassLoader->loadClass('Illuminate\\\\Test...')
#6 /home/admin/web/t.kuleshov.studio/public_html/vendor/laravel/framework/src/Illuminate/Foundation/Application.php(735): spl_autoload_call('Illuminate\\\\Test...')
#7 /home/admin/web/t.kuleshov.studio/public_html/vendor/laravel/framework/src/Illuminate/Foundation/Application.php(669): Illuminate\\Foundation\\Application->resolveProvider('Illuminate\\\\Test...')
#8 /home/admin/web/t.kuleshov.studio/public_html/vendor/laravel/framework/src/Illuminate/Support/AggregateServiceProvider.php(31): Illuminate\\Foundation\\Application->register('Illuminate\\\\Test...')
#9 /home/admin/web/t.kuleshov.studio/public_html/vendor/laravel/framework/src/Illuminate/Foundation/Providers/FoundationServiceProvider.php(44): Illuminate\\Support\\AggregateServiceProvider->register()
#10 /home/admin/web/t.kuleshov.studio/public_html/vendor/laravel/framework/src/Illuminate/Foundation/Application.php(672): Illuminate\\Foundation\\Providers\\FoundationServiceProvider->register()
#11 /home/admin/web/t.kuleshov.studio/public_html/vendor/laravel/framework/src/Illuminate/Foundation/ProviderRepository.php(75): Illuminate\\Foundation\\Application->register(Object(Illuminate\\Foundation\\Providers\\FoundationServiceProvider))
#12 /home/admin/web/t.kuleshov.studio/public_html/vendor/laravel/framework/src/Illuminate/Foundation/Application.php(649): Illuminate\\Foundation\\ProviderRepository->load(Array)
#13 /home/admin/web/t.kuleshov.studio/public_html/vendor/laravel/framework/src/Illuminate/Foundation/Bootstrap/RegisterProviders.php(17): Illuminate\\Foundation\\Application->registerConfiguredProviders()
#14 /home/admin/web/t.kuleshov.studio/public_html/vendor/laravel/framework/src/Illuminate/Foundation/Application.php(237): Illuminate\\Foundation\\Bootstrap\\RegisterProviders->bootstrap(Object(Illuminate\\Foundation\\Application))
#15 /home/admin/web/t.kuleshov.studio/public_html/vendor/laravel/framework/src/Illuminate/Foundation/Http/Kernel.php(152): Illuminate\\Foundation\\Application->bootstrapWith(Array)
#16 /home/admin/web/t.kuleshov.studio/public_html/vendor/laravel/framework/src/Illuminate/Foundation/Http/Kernel.php(136): Illuminate\\Foundation\\Http\\Kernel->bootstrap()
#17 /home/admin/web/t.kuleshov.studio/public_html/vendor/laravel/framework/src/Illuminate/Foundation/Http/Kernel.php(110): Illuminate\\Foundation\\Http\\Kernel->sendRequestThroughRouter(Object(Illuminate\\Http\\Request))
#18 /home/admin/web/t.kuleshov.studio/public_html/public/index.php(52): Illuminate\\Foundation\\Http\\Kernel->handle(Object(Illuminate\\Http\\Request))
#19 {main}
"} 
[2021-04-06 07:02:19] local.ERROR: syntax error, unexpected ')' {"exception":"[object] (ParseError(code: 0): syntax error, unexpected ')' at /home/admin/web/t.kuleshov.studio/public_html/vendor/laravel/framework/src/Illuminate/Testing/Concerns/TestDatabases.php:159)
[stacktrace]
#0 /home/admin/web/t.kuleshov.studio/public_html/vendor/composer/ClassLoader.php(322): Composer\\Autoload\\includeFile('/home/admin/web...')
#1 [internal function]: Composer\\Autoload\\ClassLoader->loadClass('Illuminate\\\\Test...')
#2 /home/admin/web/t.kuleshov.studio/public_html/vendor/laravel/framework/src/Illuminate/Testing/ParallelTestingServiceProvider.php(11): spl_autoload_call('Illuminate\\\\Test...')
#3 /home/admin/web/t.kuleshov.studio/public_html/vendor/composer/ClassLoader.php(444): include('/home/admin/web...')
#4 /home/admin/web/t.kuleshov.studio/public_html/vendor/composer/ClassLoader.php(322): Composer\\Autoload\\includeFile('/home/admin/web...')
#5 [internal function]: Composer\\Autoload\\ClassLoader->loadClass('Illuminate\\\\Test...')
#6 /home/admin/web/t.kuleshov.studio/public_html/vendor/laravel/framework/src/Illuminate/Foundation/Application.php(735): spl_autoload_call('Illuminate\\\\Test...')
#7 /home/admin/web/t.kuleshov.studio/public_html/vendor/laravel/framework/src/Illuminate/Foundation/Application.php(669): Illuminate\\Foundation\\Application->resolveProvider('Illuminate\\\\Test...')
#8 /home/admin/web/t.kuleshov.studio/public_html/vendor/laravel/framework/src/Illuminate/Support/AggregateServiceProvider.php(31): Illuminate\\Foundation\\Application->register('Illuminate\\\\Test...')
#9 /home/admin/web/t.kuleshov.studio/public_html/vendor/laravel/framework/src/Illuminate/Foundation/Providers/FoundationServiceProvider.php(44): Illuminate\\Support\\AggregateServiceProvider->register()
#10 /home/admin/web/t.kuleshov.studio/public_html/vendor/laravel/framework/src/Illuminate/Foundation/Application.php(672): Illuminate\\Foundation\\Providers\\FoundationServiceProvider->register()
#11 /home/admin/web/t.kuleshov.studio/public_html/vendor/laravel/framework/src/Illuminate/Foundation/ProviderRepository.php(75): Illuminate\\Foundation\\Application->register(Object(Illuminate\\Foundation\\Providers\\FoundationServiceProvider))
#12 /home/admin/web/t.kuleshov.studio/public_html/vendor/laravel/framework/src/Illuminate/Foundation/Application.php(649): Illuminate\\Foundation\\ProviderRepository->load(Array)
#13 /home/admin/web/t.kuleshov.studio/public_html/vendor/laravel/framework/src/Illuminate/Foundation/Bootstrap/RegisterProviders.php(17): Illuminate\\Foundation\\Application->registerConfiguredProviders()
#14 /home/admin/web/t.kuleshov.studio/public_html/vendor/laravel/framework/src/Illuminate/Foundation/Application.php(237): Illuminate\\Foundation\\Bootstrap\\RegisterProviders->bootstrap(Object(Illuminate\\Foundation\\Application))
#15 /home/admin/web/t.kuleshov.studio/public_html/vendor/laravel/framework/src/Illuminate/Foundation/Http/Kernel.php(152): Illuminate\\Foundation\\Application->bootstrapWith(Array)
#16 /home/admin/web/t.kuleshov.studio/public_html/vendor/laravel/framework/src/Illuminate/Foundation/Http/Kernel.php(136): Illuminate\\Foundation\\Http\\Kernel->bootstrap()
#17 /home/admin/web/t.kuleshov.studio/public_html/vendor/laravel/framework/src/Illuminate/Foundation/Http/Kernel.php(110): Illuminate\\Foundation\\Http\\Kernel->sendRequestThroughRouter(Object(Illuminate\\Http\\Request))
#18 /home/admin/web/t.kuleshov.studio/public_html/public/index.php(52): Illuminate\\Foundation\\Http\\Kernel->handle(Object(Illuminate\\Http\\Request))
#19 {main}
"} 
[2021-04-06 07:02:22] local.ERROR: syntax error, unexpected ')' {"exception":"[object] (ParseError(code: 0): syntax error, unexpected ')' at /home/admin/web/t.kuleshov.studio/public_html/vendor/laravel/framework/src/Illuminate/Testing/Concerns/TestDatabases.php:159)
[stacktrace]
#0 /home/admin/web/t.kuleshov.studio/public_html/vendor/composer/ClassLoader.php(322): Composer\\Autoload\\includeFile('/home/admin/web...')
#1 [internal function]: Composer\\Autoload\\ClassLoader->loadClass('Illuminate\\\\Test...')
#2 /home/admin/web/t.kuleshov.studio/public_html/vendor/laravel/framework/src/Illuminate/Testing/ParallelTestingServiceProvider.php(11): spl_autoload_call('Illuminate\\\\Test...')
#3 /home/admin/web/t.kuleshov.studio/public_html/vendor/composer/ClassLoader.php(444): include('/home/admin/web...')
#4 /home/admin/web/t.kuleshov.studio/public_html/vendor/composer/ClassLoader.php(322): Composer\\Autoload\\includeFile('/home/admin/web...')
#5 [internal function]: Composer\\Autoload\\ClassLoader->loadClass('Illuminate\\\\Test...')
#6 /home/admin/web/t.kuleshov.studio/public_html/vendor/laravel/framework/src/Illuminate/Foundation/Application.php(735): spl_autoload_call('Illuminate\\\\Test...')
#7 /home/admin/web/t.kuleshov.studio/public_html/vendor/laravel/framework/src/Illuminate/Foundation/Application.php(669): Illuminate\\Foundation\\Application->resolveProvider('Illuminate\\\\Test...')
#8 /home/admin/web/t.kuleshov.studio/public_html/vendor/laravel/framework/src/Illuminate/Support/AggregateServiceProvider.php(31): Illuminate\\Foundation\\Application->register('Illuminate\\\\Test...')
#9 /home/admin/web/t.kuleshov.studio/public_html/vendor/laravel/framework/src/Illuminate/Foundation/Providers/FoundationServiceProvider.php(44): Illuminate\\Support\\AggregateServiceProvider->register()
#10 /home/admin/web/t.kuleshov.studio/public_html/vendor/laravel/framework/src/Illuminate/Foundation/Application.php(672): Illuminate\\Foundation\\Providers\\FoundationServiceProvider->register()
#11 /home/admin/web/t.kuleshov.studio/public_html/vendor/laravel/framework/src/Illuminate/Foundation/ProviderRepository.php(75): Illuminate\\Foundation\\Application->register(Object(Illuminate\\Foundation\\Providers\\FoundationServiceProvider))
#12 /home/admin/web/t.kuleshov.studio/public_html/vendor/laravel/framework/src/Illuminate/Foundation/Application.php(649): Illuminate\\Foundation\\ProviderRepository->load(Array)
#13 /home/admin/web/t.kuleshov.studio/public_html/vendor/laravel/framework/src/Illuminate/Foundation/Bootstrap/RegisterProviders.php(17): Illuminate\\Foundation\\Application->registerConfiguredProviders()
#14 /home/admin/web/t.kuleshov.studio/public_html/vendor/laravel/framework/src/Illuminate/Foundation/Application.php(237): Illuminate\\Foundation\\Bootstrap\\RegisterProviders->bootstrap(Object(Illuminate\\Foundation\\Application))
#15 /home/admin/web/t.kuleshov.studio/public_html/vendor/laravel/framework/src/Illuminate/Foundation/Http/Kernel.php(152): Illuminate\\Foundation\\Application->bootstrapWith(Array)
#16 /home/admin/web/t.kuleshov.studio/public_html/vendor/laravel/framework/src/Illuminate/Foundation/Http/Kernel.php(136): Illuminate\\Foundation\\Http\\Kernel->bootstrap()
#17 /home/admin/web/t.kuleshov.studio/public_html/vendor/laravel/framework/src/Illuminate/Foundation/Http/Kernel.php(110): Illuminate\\Foundation\\Http\\Kernel->sendRequestThroughRouter(Object(Illuminate\\Http\\Request))
#18 /home/admin/web/t.kuleshov.studio/public_html/public/index.php(52): Illuminate\\Foundation\\Http\\Kernel->handle(Object(Illuminate\\Http\\Request))
#19 {main}
"} 
[2021-04-06 07:04:42] local.ERROR: file_put_contents(C:\server\OpenServer\domains\telegram\storage\framework/sessions/acGXbhYHH9TpjUBiW2wE8ABC6DidiGWfzTxNKWEc): failed to open stream: No such file or directory {"exception":"[object] (ErrorException(code: 0): file_put_contents(C:\\server\\OpenServer\\domains\\telegram\\storage\\framework/sessions/acGXbhYHH9TpjUBiW2wE8ABC6DidiGWfzTxNKWEc): failed to open stream: No such file or directory at /home/admin/web/t.kuleshov.studio/public_html/vendor/laravel/framework/src/Illuminate/Filesystem/Filesystem.php:185)
[stacktrace]
#0 [internal function]: Illuminate\\Foundation\\Bootstrap\\HandleExceptions->handleError(2, 'file_put_conten...', '/home/admin/web...', 185, Array)
#1 /home/admin/web/t.kuleshov.studio/public_html/vendor/laravel/framework/src/Illuminate/Filesystem/Filesystem.php(185): file_put_contents('C:\\\\server\\\\OpenS...', 'a:4:{s:6:\"_toke...', 2)
#2 /home/admin/web/t.kuleshov.studio/public_html/vendor/laravel/framework/src/Illuminate/Session/FileSessionHandler.php(83): Illuminate\\Filesystem\\Filesystem->put('C:\\\\server\\\\OpenS...', 'a:4:{s:6:\"_toke...', true)
#3 /home/admin/web/t.kuleshov.studio/public_html/vendor/laravel/framework/src/Illuminate/Session/Store.php(129): Illuminate\\Session\\FileSessionHandler->write('acGXbhYHH9TpjUB...', 'a:4:{s:6:\"_toke...')
#4 /home/admin/web/t.kuleshov.studio/public_html/vendor/laravel/framework/src/Illuminate/Session/Middleware/StartSession.php(236): Illuminate\\Session\\Store->save()
#5 /home/admin/web/t.kuleshov.studio/public_html/vendor/laravel/framework/src/Illuminate/Session/Middleware/StartSession.php(130): Illuminate\\Session\\Middleware\\StartSession->saveSession(Object(Illuminate\\Http\\Request))
#6 /home/admin/web/t.kuleshov.studio/public_html/vendor/laravel/framework/src/Illuminate/Session/Middleware/StartSession.php(64): Illuminate\\Session\\Middleware\\StartSession->handleStatefulRequest(Object(Illuminate\\Http\\Request), Object(Illuminate\\Session\\Store), Object(Closure))
#7 /home/admin/web/t.kuleshov.studio/public_html/vendor/laravel/framework/src/Illuminate/Pipeline/Pipeline.php(167): Illuminate\\Session\\Middleware\\StartSession->handle(Object(Illuminate\\Http\\Request), Object(Closure))
#8 /home/admin/web/t.kuleshov.studio/public_html/vendor/laravel/framework/src/Illuminate/Cookie/Middleware/AddQueuedCookiesToResponse.php(37): Illuminate\\Pipeline\\Pipeline->Illuminate\\Pipeline\\{closure}(Object(Illuminate\\Http\\Request))
#9 /home/admin/web/t.kuleshov.studio/public_html/vendor/laravel/framework/src/Illuminate/Pipeline/Pipeline.php(167): Illuminate\\Cookie\\Middleware\\AddQueuedCookiesToResponse->handle(Object(Illuminate\\Http\\Request), Object(Closure))
#10 /home/admin/web/t.kuleshov.studio/public_html/vendor/laravel/framework/src/Illuminate/Cookie/Middleware/EncryptCookies.php(67): Illuminate\\Pipeline\\Pipeline->Illuminate\\Pipeline\\{closure}(Object(Illuminate\\Http\\Request))
#11 /home/admin/web/t.kuleshov.studio/public_html/vendor/laravel/framework/src/Illuminate/Pipeline/Pipeline.php(167): Illuminate\\Cookie\\Middleware\\EncryptCookies->handle(Object(Illuminate\\Http\\Request), Object(Closure))
#12 /home/admin/web/t.kuleshov.studio/public_html/vendor/laravel/framework/src/Illuminate/Pipeline/Pipeline.php(103): Illuminate\\Pipeline\\Pipeline->Illuminate\\Pipeline\\{closure}(Object(Illuminate\\Http\\Request))
#13 /home/admin/web/t.kuleshov.studio/public_html/vendor/laravel/framework/src/Illuminate/Routing/Router.php(695): Illuminate\\Pipeline\\Pipeline->then(Object(Closure))
#14 /home/admin/web/t.kuleshov.studio/public_html/vendor/laravel/framework/src/Illuminate/Routing/Router.php(670): Illuminate\\Routing\\Router->runRouteWithinStack(Object(Illuminate\\Routing\\Route), Object(Illuminate\\Http\\Request))
#15 /home/admin/web/t.kuleshov.studio/public_html/vendor/laravel/framework/src/Illuminate/Routing/Router.php(636): Illuminate\\Routing\\Router->runRoute(Object(Illuminate\\Http\\Request), Object(Illuminate\\Routing\\Route))
#16 /home/admin/web/t.kuleshov.studio/public_html/vendor/laravel/framework/src/Illuminate/Routing/Router.php(625): Illuminate\\Routing\\Router->dispatchToRoute(Object(Illuminate\\Http\\Request))
#17 /home/admin/web/t.kuleshov.studio/public_html/vendor/laravel/framework/src/Illuminate/Foundation/Http/Kernel.php(166): Illuminate\\Routing\\Router->dispatch(Object(Illuminate\\Http\\Request))
#18 /home/admin/web/t.kuleshov.studio/public_html/vendor/laravel/framework/src/Illuminate/Pipeline/Pipeline.php(128): Illuminate\\Foundation\\Http\\Kernel->Illuminate\\Foundation\\Http\\{closure}(Object(Illuminate\\Http\\Request))
#19 /home/admin/web/t.kuleshov.studio/public_html/vendor/laravel/framework/src/Illuminate/Foundation/Http/Middleware/TransformsRequest.php(21): Illuminate\\Pipeline\\Pipeline->Illuminate\\Pipeline\\{closure}(Object(Illuminate\\Http\\Request))
#20 /home/admin/web/t.kuleshov.studio/public_html/vendor/laravel/framework/src/Illuminate/Pipeline/Pipeline.php(167): Illuminate\\Foundation\\Http\\Middleware\\TransformsRequest->handle(Object(Illuminate\\Http\\Request), Object(Closure))
#21 /home/admin/web/t.kuleshov.studio/public_html/vendor/laravel/framework/src/Illuminate/Foundation/Http/Middleware/TransformsRequest.php(21): Illuminate\\Pipeline\\Pipeline->Illuminate\\Pipeline\\{closure}(Object(Illuminate\\Http\\Request))
#22 /home/admin/web/t.kuleshov.studio/public_html/vendor/laravel/framework/src/Illuminate/Pipeline/Pipeline.php(167): Illuminate\\Foundation\\Http\\Middleware\\TransformsRequest->handle(Object(Illuminate\\Http\\Request), Object(Closure))
#23 /home/admin/web/t.kuleshov.studio/public_html/vendor/laravel/framework/src/Illuminate/Foundation/Http/Middleware/ValidatePostSize.php(27): Illuminate\\Pipeline\\Pipeline->Illuminate\\Pipeline\\{closure}(Object(Illuminate\\Http\\Request))
#24 /home/admin/web/t.kuleshov.studio/public_html/vendor/laravel/framework/src/Illuminate/Pipeline/Pipeline.php(167): Illuminate\\Foundation\\Http\\Middleware\\ValidatePostSize->handle(Object(Illuminate\\Http\\Request), Object(Closure))
#25 /home/admin/web/t.kuleshov.studio/public_html/vendor/laravel/framework/src/Illuminate/Foundation/Http/Middleware/PreventRequestsDuringMaintenance.php(86): Illuminate\\Pipeline\\Pipeline->Illuminate\\Pipeline\\{closure}(Object(Illuminate\\Http\\Request))
#26 /home/admin/web/t.kuleshov.studio/public_html/vendor/laravel/framework/src/Illuminate/Pipeline/Pipeline.php(167): Illuminate\\Foundation\\Http\\Middleware\\PreventRequestsDuringMaintenance->handle(Object(Illuminate\\Http\\Request), Object(Closure))
#27 /home/admin/web/t.kuleshov.studio/public_html/vendor/fruitcake/laravel-cors/src/HandleCors.php(37): Illuminate\\Pipeline\\Pipeline->Illuminate\\Pipeline\\{closure}(Object(Illuminate\\Http\\Request))
#28 /home/admin/web/t.kuleshov.studio/public_html/vendor/laravel/framework/src/Illuminate/Pipeline/Pipeline.php(167): Fruitcake\\Cors\\HandleCors->handle(Object(Illuminate\\Http\\Request), Object(Closure))
#29 /home/admin/web/t.kuleshov.studio/public_html/vendor/fideloper/proxy/src/TrustProxies.php(57): Illuminate\\Pipeline\\Pipeline->Illuminate\\Pipeline\\{closure}(Object(Illuminate\\Http\\Request))
#30 /home/admin/web/t.kuleshov.studio/public_html/vendor/laravel/framework/src/Illuminate/Pipeline/Pipeline.php(167): Fideloper\\Proxy\\TrustProxies->handle(Object(Illuminate\\Http\\Request), Object(Closure))
#31 /home/admin/web/t.kuleshov.studio/public_html/vendor/laravel/framework/src/Illuminate/Pipeline/Pipeline.php(103): Illuminate\\Pipeline\\Pipeline->Illuminate\\Pipeline\\{closure}(Object(Illuminate\\Http\\Request))
#32 /home/admin/web/t.kuleshov.studio/public_html/vendor/laravel/framework/src/Illuminate/Foundation/Http/Kernel.php(141): Illuminate\\Pipeline\\Pipeline->then(Object(Closure))
#33 /home/admin/web/t.kuleshov.studio/public_html/vendor/laravel/framework/src/Illuminate/Foundation/Http/Kernel.php(110): Illuminate\\Foundation\\Http\\Kernel->sendRequestThroughRouter(Object(Illuminate\\Http\\Request))
#34 /home/admin/web/t.kuleshov.studio/public_html/public/index.php(52): Illuminate\\Foundation\\Http\\Kernel->handle(Object(Illuminate\\Http\\Request))
#35 {main}
"} 
[2021-04-06 07:06:47] local.ERROR: file_put_contents(C:\server\OpenServer\domains\telegram\storage\framework/sessions/89hSYyj6uE1YaEnQzHJm8Y0a5IwCG08KbPsylkBX): failed to open stream: No such file or directory {"exception":"[object] (ErrorException(code: 0): file_put_contents(C:\\server\\OpenServer\\domains\\telegram\\storage\\framework/sessions/89hSYyj6uE1YaEnQzHJm8Y0a5IwCG08KbPsylkBX): failed to open stream: No such file or directory at /home/admin/web/t.kuleshov.studio/public_html/vendor/laravel/framework/src/Illuminate/Filesystem/Filesystem.php:185)
[stacktrace]
#0 [internal function]: Illuminate\\Foundation\\Bootstrap\\HandleExceptions->handleError(2, 'file_put_conten...', '/home/admin/web...', 185, Array)
#1 /home/admin/web/t.kuleshov.studio/public_html/vendor/laravel/framework/src/Illuminate/Filesystem/Filesystem.php(185): file_put_contents('C:\\\\server\\\\OpenS...', 'a:4:{s:6:\"_toke...', 2)
#2 /home/admin/web/t.kuleshov.studio/public_html/vendor/laravel/framework/src/Illuminate/Session/FileSessionHandler.php(83): Illuminate\\Filesystem\\Filesystem->put('C:\\\\server\\\\OpenS...', 'a:4:{s:6:\"_toke...', true)
#3 /home/admin/web/t.kuleshov.studio/public_html/vendor/laravel/framework/src/Illuminate/Session/Store.php(129): Illuminate\\Session\\FileSessionHandler->write('89hSYyj6uE1YaEn...', 'a:4:{s:6:\"_toke...')
#4 /home/admin/web/t.kuleshov.studio/public_html/vendor/laravel/framework/src/Illuminate/Session/Middleware/StartSession.php(236): Illuminate\\Session\\Store->save()
#5 /home/admin/web/t.kuleshov.studio/public_html/vendor/laravel/framework/src/Illuminate/Session/Middleware/StartSession.php(130): Illuminate\\Session\\Middleware\\StartSession->saveSession(Object(Illuminate\\Http\\Request))
#6 /home/admin/web/t.kuleshov.studio/public_html/vendor/laravel/framework/src/Illuminate/Session/Middleware/StartSession.php(64): Illuminate\\Session\\Middleware\\StartSession->handleStatefulRequest(Object(Illuminate\\Http\\Request), Object(Illuminate\\Session\\Store), Object(Closure))
#7 /home/admin/web/t.kuleshov.studio/public_html/vendor/laravel/framework/src/Illuminate/Pipeline/Pipeline.php(167): Illuminate\\Session\\Middleware\\StartSession->handle(Object(Illuminate\\Http\\Request), Object(Closure))
#8 /home/admin/web/t.kuleshov.studio/public_html/vendor/laravel/framework/src/Illuminate/Cookie/Middleware/AddQueuedCookiesToResponse.php(37): Illuminate\\Pipeline\\Pipeline->Illuminate\\Pipeline\\{closure}(Object(Illuminate\\Http\\Request))
#9 /home/admin/web/t.kuleshov.studio/public_html/vendor/laravel/framework/src/Illuminate/Pipeline/Pipeline.php(167): Illuminate\\Cookie\\Middleware\\AddQueuedCookiesToResponse->handle(Object(Illuminate\\Http\\Request), Object(Closure))
#10 /home/admin/web/t.kuleshov.studio/public_html/vendor/laravel/framework/src/Illuminate/Cookie/Middleware/EncryptCookies.php(67): Illuminate\\Pipeline\\Pipeline->Illuminate\\Pipeline\\{closure}(Object(Illuminate\\Http\\Request))
#11 /home/admin/web/t.kuleshov.studio/public_html/vendor/laravel/framework/src/Illuminate/Pipeline/Pipeline.php(167): Illuminate\\Cookie\\Middleware\\EncryptCookies->handle(Object(Illuminate\\Http\\Request), Object(Closure))
#12 /home/admin/web/t.kuleshov.studio/public_html/vendor/laravel/framework/src/Illuminate/Pipeline/Pipeline.php(103): Illuminate\\Pipeline\\Pipeline->Illuminate\\Pipeline\\{closure}(Object(Illuminate\\Http\\Request))
#13 /home/admin/web/t.kuleshov.studio/public_html/vendor/laravel/framework/src/Illuminate/Routing/Router.php(695): Illuminate\\Pipeline\\Pipeline->then(Object(Closure))
#14 /home/admin/web/t.kuleshov.studio/public_html/vendor/laravel/framework/src/Illuminate/Routing/Router.php(670): Illuminate\\Routing\\Router->runRouteWithinStack(Object(Illuminate\\Routing\\Route), Object(Illuminate\\Http\\Request))
#15 /home/admin/web/t.kuleshov.studio/public_html/vendor/laravel/framework/src/Illuminate/Routing/Router.php(636): Illuminate\\Routing\\Router->runRoute(Object(Illuminate\\Http\\Request), Object(Illuminate\\Routing\\Route))
#16 /home/admin/web/t.kuleshov.studio/public_html/vendor/laravel/framework/src/Illuminate/Routing/Router.php(625): Illuminate\\Routing\\Router->dispatchToRoute(Object(Illuminate\\Http\\Request))
#17 /home/admin/web/t.kuleshov.studio/public_html/vendor/laravel/framework/src/Illuminate/Foundation/Http/Kernel.php(166): Illuminate\\Routing\\Router->dispatch(Object(Illuminate\\Http\\Request))
#18 /home/admin/web/t.kuleshov.studio/public_html/vendor/laravel/framework/src/Illuminate/Pipeline/Pipeline.php(128): Illuminate\\Foundation\\Http\\Kernel->Illuminate\\Foundation\\Http\\{closure}(Object(Illuminate\\Http\\Request))
#19 /home/admin/web/t.kuleshov.studio/public_html/vendor/laravel/framework/src/Illuminate/Foundation/Http/Middleware/TransformsRequest.php(21): Illuminate\\Pipeline\\Pipeline->Illuminate\\Pipeline\\{closure}(Object(Illuminate\\Http\\Request))
#20 /home/admin/web/t.kuleshov.studio/public_html/vendor/laravel/framework/src/Illuminate/Pipeline/Pipeline.php(167): Illuminate\\Foundation\\Http\\Middleware\\TransformsRequest->handle(Object(Illuminate\\Http\\Request), Object(Closure))
#21 /home/admin/web/t.kuleshov.studio/public_html/vendor/laravel/framework/src/Illuminate/Foundation/Http/Middleware/TransformsRequest.php(21): Illuminate\\Pipeline\\Pipeline->Illuminate\\Pipeline\\{closure}(Object(Illuminate\\Http\\Request))
#22 /home/admin/web/t.kuleshov.studio/public_html/vendor/laravel/framework/src/Illuminate/Pipeline/Pipeline.php(167): Illuminate\\Foundation\\Http\\Middleware\\TransformsRequest->handle(Object(Illuminate\\Http\\Request), Object(Closure))
#23 /home/admin/web/t.kuleshov.studio/public_html/vendor/laravel/framework/src/Illuminate/Foundation/Http/Middleware/ValidatePostSize.php(27): Illuminate\\Pipeline\\Pipeline->Illuminate\\Pipeline\\{closure}(Object(Illuminate\\Http\\Request))
#24 /home/admin/web/t.kuleshov.studio/public_html/vendor/laravel/framework/src/Illuminate/Pipeline/Pipeline.php(167): Illuminate\\Foundation\\Http\\Middleware\\ValidatePostSize->handle(Object(Illuminate\\Http\\Request), Object(Closure))
#25 /home/admin/web/t.kuleshov.studio/public_html/vendor/laravel/framework/src/Illuminate/Foundation/Http/Middleware/PreventRequestsDuringMaintenance.php(86): Illuminate\\Pipeline\\Pipeline->Illuminate\\Pipeline\\{closure}(Object(Illuminate\\Http\\Request))
#26 /home/admin/web/t.kuleshov.studio/public_html/vendor/laravel/framework/src/Illuminate/Pipeline/Pipeline.php(167): Illuminate\\Foundation\\Http\\Middleware\\PreventRequestsDuringMaintenance->handle(Object(Illuminate\\Http\\Request), Object(Closure))
#27 /home/admin/web/t.kuleshov.studio/public_html/vendor/fruitcake/laravel-cors/src/HandleCors.php(37): Illuminate\\Pipeline\\Pipeline->Illuminate\\Pipeline\\{closure}(Object(Illuminate\\Http\\Request))
#28 /home/admin/web/t.kuleshov.studio/public_html/vendor/laravel/framework/src/Illuminate/Pipeline/Pipeline.php(167): Fruitcake\\Cors\\HandleCors->handle(Object(Illuminate\\Http\\Request), Object(Closure))
#29 /home/admin/web/t.kuleshov.studio/public_html/vendor/fideloper/proxy/src/TrustProxies.php(57): Illuminate\\Pipeline\\Pipeline->Illuminate\\Pipeline\\{closure}(Object(Illuminate\\Http\\Request))
#30 /home/admin/web/t.kuleshov.studio/public_html/vendor/laravel/framework/src/Illuminate/Pipeline/Pipeline.php(167): Fideloper\\Proxy\\TrustProxies->handle(Object(Illuminate\\Http\\Request), Object(Closure))
#31 /home/admin/web/t.kuleshov.studio/public_html/vendor/laravel/framework/src/Illuminate/Pipeline/Pipeline.php(103): Illuminate\\Pipeline\\Pipeline->Illuminate\\Pipeline\\{closure}(Object(Illuminate\\Http\\Request))
#32 /home/admin/web/t.kuleshov.studio/public_html/vendor/laravel/framework/src/Illuminate/Foundation/Http/Kernel.php(141): Illuminate\\Pipeline\\Pipeline->then(Object(Closure))
#33 /home/admin/web/t.kuleshov.studio/public_html/vendor/laravel/framework/src/Illuminate/Foundation/Http/Kernel.php(110): Illuminate\\Foundation\\Http\\Kernel->sendRequestThroughRouter(Object(Illuminate\\Http\\Request))
#34 /home/admin/web/t.kuleshov.studio/public_html/public/index.php(52): Illuminate\\Foundation\\Http\\Kernel->handle(Object(Illuminate\\Http\\Request))
#35 {main}
"} 
