[2021-04-06 06:26:27] local.ERROR: syntax error, unexpected ')' {"exception":"[object] (ParseError(code: 0): syntax error, unexpected ')' at /home/admin/web/t.kuleshov.studio/public_html/vendor/laravel/framework/src/Illuminate/Testing/Concerns/TestDatabases.php:159)
[stacktrace]
#0 /home/admin/web/t.kuleshov.studio/public_html/vendor/composer/ClassLoader.php(322): Composer\\Autoload\\includeFile('/home/admin/web...')
#1 [internal function]: Composer\\Autoload\\ClassLoader->loadClass('Illuminate\\\\Test...')
#2 /home/admin/web/t.kuleshov.studio/public_html/vendor/laravel/framework/src/Illuminate/Testing/ParallelTestingServiceProvider.php(11): spl_autoload_call('Illuminate\\\\Test...')
#3 /home/admin/web/t.kuleshov.studio/public_html/vendor/composer/ClassLoader.php(444): include('/home/admin/web...')
#4 /home/admin/web/t.kuleshov.studio/public_html/vendor/composer/ClassLoader.php(322): Composer\\Autoload\\includeFile('/home/admin/web...')
#5 [internal function]: Composer\\Autoload\\ClassLoader->loadClass('Illuminate\\\\Test...')
#6 /home/admin/web/t.kuleshov.studio/public_html/vendor/laravel/framework/src/Illuminate/Foundation/Application.php(735): spl_autoload_call('Illuminate\\\\Test...')
#7 /home/admin/web/t.kuleshov.studio/public_html/vendor/laravel/framework/src/Illuminate/Foundation/Application.php(669): Illuminate\\Foundation\\Application->resolveProvider('Illuminate\\\\Test...')
#8 /home/admin/web/t.kuleshov.studio/public_html/vendor/laravel/framework/src/Illuminate/Support/AggregateServiceProvider.php(31): Illuminate\\Foundation\\Application->register('Illuminate\\\\Test...')
#9 /home/admin/web/t.kuleshov.studio/public_html/vendor/laravel/framework/src/Illuminate/Foundation/Providers/FoundationServiceProvider.php(44): Illuminate\\Support\\AggregateServiceProvider->register()
#10 /home/admin/web/t.kuleshov.studio/public_html/vendor/laravel/framework/src/Illuminate/Foundation/Application.php(672): Illuminate\\Foundation\\Providers\\FoundationServiceProvider->register()
#11 /home/admin/web/t.kuleshov.studio/public_html/vendor/laravel/framework/src/Illuminate/Foundation/ProviderRepository.php(75): Illuminate\\Foundation\\Application->register(Object(Illuminate\\Foundation\\Providers\\FoundationServiceProvider))
#12 /home/admin/web/t.kuleshov.studio/public_html/vendor/laravel/framework/src/Illuminate/Foundation/Application.php(649): Illuminate\\Foundation\\ProviderRepository->load(Array)
#13 /home/admin/web/t.kuleshov.studio/public_html/vendor/laravel/framework/src/Illuminate/Foundation/Bootstrap/RegisterProviders.php(17): Illuminate\\Foundation\\Application->registerConfiguredProviders()
#14 /home/admin/web/t.kuleshov.studio/public_html/vendor/laravel/framework/src/Illuminate/Foundation/Application.php(237): Illuminate\\Foundation\\Bootstrap\\RegisterProviders->bootstrap(Object(Illuminate\\Foundation\\Application))
#15 /home/admin/web/t.kuleshov.studio/public_html/vendor/laravel/framework/src/Illuminate/Foundation/Console/Kernel.php(310): Illuminate\\Foundation\\Application->bootstrapWith(Array)
#16 /home/admin/web/t.kuleshov.studio/public_html/vendor/laravel/framework/src/Illuminate/Foundation/Console/Kernel.php(127): Illuminate\\Foundation\\Console\\Kernel->bootstrap()
#17 /home/admin/web/t.kuleshov.studio/public_html/artisan(37): Illuminate\\Foundation\\Console\\Kernel->handle(Object(Symfony\\Component\\Console\\Input\\ArgvInput), Object(Symfony\\Component\\Console\\Output\\ConsoleOutput))
#18 {main}
"} 
[2021-04-06 06:35:41] local.ERROR: syntax error, unexpected ')' {"exception":"[object] (ParseError(code: 0): syntax error, unexpected ')' at /home/admin/web/t.kuleshov.studio/public_html/vendor/laravel/framework/src/Illuminate/Testing/Concerns/TestDatabases.php:159)
[stacktrace]
#0 /home/admin/web/t.kuleshov.studio/public_html/vendor/composer/ClassLoader.php(322): Composer\\Autoload\\includeFile('/home/admin/web...')
#1 [internal function]: Composer\\Autoload\\ClassLoader->loadClass('Illuminate\\\\Test...')
#2 /home/admin/web/t.kuleshov.studio/public_html/vendor/laravel/framework/src/Illuminate/Testing/ParallelTestingServiceProvider.php(11): spl_autoload_call('Illuminate\\\\Test...')
#3 /home/admin/web/t.kuleshov.studio/public_html/vendor/composer/ClassLoader.php(444): include('/home/admin/web...')
#4 /home/admin/web/t.kuleshov.studio/public_html/vendor/composer/ClassLoader.php(322): Composer\\Autoload\\includeFile('/home/admin/web...')
#5 [internal function]: Composer\\Autoload\\ClassLoader->loadClass('Illuminate\\\\Test...')
#6 /home/admin/web/t.kuleshov.studio/public_html/vendor/laravel/framework/src/Illuminate/Foundation/Application.php(735): spl_autoload_call('Illuminate\\\\Test...')
#7 /home/admin/web/t.kuleshov.studio/public_html/vendor/laravel/framework/src/Illuminate/Foundation/Application.php(669): Illuminate\\Foundation\\Application->resolveProvider('Illuminate\\\\Test...')
#8 /home/admin/web/t.kuleshov.studio/public_html/vendor/laravel/framework/src/Illuminate/Support/AggregateServiceProvider.php(31): Illuminate\\Foundation\\Application->register('Illuminate\\\\Test...')
#9 /home/admin/web/t.kuleshov.studio/public_html/vendor/laravel/framework/src/Illuminate/Foundation/Providers/FoundationServiceProvider.php(44): Illuminate\\Support\\AggregateServiceProvider->register()
#10 /home/admin/web/t.kuleshov.studio/public_html/vendor/laravel/framework/src/Illuminate/Foundation/Application.php(672): Illuminate\\Foundation\\Providers\\FoundationServiceProvider->register()
#11 /home/admin/web/t.kuleshov.studio/public_html/vendor/laravel/framework/src/Illuminate/Foundation/ProviderRepository.php(75): Illuminate\\Foundation\\Application->register(Object(Illuminate\\Foundation\\Providers\\FoundationServiceProvider))
#12 /home/admin/web/t.kuleshov.studio/public_html/vendor/laravel/framework/src/Illuminate/Foundation/Application.php(649): Illuminate\\Foundation\\ProviderRepository->load(Array)
#13 /home/admin/web/t.kuleshov.studio/public_html/vendor/laravel/framework/src/Illuminate/Foundation/Bootstrap/RegisterProviders.php(17): Illuminate\\Foundation\\Application->registerConfiguredProviders()
#14 /home/admin/web/t.kuleshov.studio/public_html/vendor/laravel/framework/src/Illuminate/Foundation/Application.php(237): Illuminate\\Foundation\\Bootstrap\\RegisterProviders->bootstrap(Object(Illuminate\\Foundation\\Application))
#15 /home/admin/web/t.kuleshov.studio/public_html/vendor/laravel/framework/src/Illuminate/Foundation/Console/Kernel.php(310): Illuminate\\Foundation\\Application->bootstrapWith(Array)
#16 /home/admin/web/t.kuleshov.studio/public_html/vendor/laravel/framework/src/Illuminate/Foundation/Console/Kernel.php(127): Illuminate\\Foundation\\Console\\Kernel->bootstrap()
#17 /home/admin/web/t.kuleshov.studio/public_html/artisan(37): Illuminate\\Foundation\\Console\\Kernel->handle(Object(Symfony\\Component\\Console\\Input\\ArgvInput), Object(Symfony\\Component\\Console\\Output\\ConsoleOutput))
#18 {main}
"} 
